  main.cpp
\\Mac\Home\Desktop\jeonbyeongmin\University\2020\2020_Fall_Semester\OOP\Homework\Termproject\201702068_OOP_TermProject\201702068_OOP_TermProject\main.cpp(29,23): warning C4018: '<': signed 또는 unsigned가 일치하지 않습니다.
\\Mac\Home\Desktop\jeonbyeongmin\University\2020\2020_Fall_Semester\OOP\Homework\Termproject\201702068_OOP_TermProject\201702068_OOP_TermProject\main.cpp(31,27): warning C4018: '<': signed 또는 unsigned가 일치하지 않습니다.
\\Mac\Home\Desktop\jeonbyeongmin\University\2020\2020_Fall_Semester\OOP\Homework\Termproject\201702068_OOP_TermProject\201702068_OOP_TermProject\main.cpp(41,23): warning C4018: '<': signed 또는 unsigned가 일치하지 않습니다.
\\Mac\Home\Desktop\jeonbyeongmin\University\2020\2020_Fall_Semester\OOP\Homework\Termproject\201702068_OOP_TermProject\201702068_OOP_TermProject\main.cpp(131,23): warning C4018: '<=': signed 또는 unsigned가 일치하지 않습니다.
\\Mac\Home\Desktop\jeonbyeongmin\University\2020\2020_Fall_Semester\OOP\Homework\Termproject\201702068_OOP_TermProject\201702068_OOP_TermProject\main.cpp(174,22): warning C4018: '<=': signed 또는 unsigned가 일치하지 않습니다.
\\Mac\Home\Desktop\jeonbyeongmin\University\2020\2020_Fall_Semester\OOP\Homework\Termproject\201702068_OOP_TermProject\201702068_OOP_TermProject\main.cpp(222,34): warning C4018: '<': signed 또는 unsigned가 일치하지 않습니다.
\\Mac\Home\Desktop\jeonbyeongmin\University\2020\2020_Fall_Semester\OOP\Homework\Termproject\201702068_OOP_TermProject\201702068_OOP_TermProject\main.cpp(235,43): warning C4018: '<': signed 또는 unsigned가 일치하지 않습니다.
\\Mac\Home\Desktop\jeonbyeongmin\University\2020\2020_Fall_Semester\OOP\Homework\Termproject\201702068_OOP_TermProject\201702068_OOP_TermProject\main.cpp(260,35): warning C4018: '>': signed 또는 unsigned가 일치하지 않습니다.
\\Mac\Home\Desktop\jeonbyeongmin\University\2020\2020_Fall_Semester\OOP\Homework\Termproject\201702068_OOP_TermProject\201702068_OOP_TermProject\main.cpp(299,34): warning C4018: '<': signed 또는 unsigned가 일치하지 않습니다.
\\Mac\Home\Desktop\jeonbyeongmin\University\2020\2020_Fall_Semester\OOP\Homework\Termproject\201702068_OOP_TermProject\201702068_OOP_TermProject\main.cpp(306,39): warning C4018: '<': signed 또는 unsigned가 일치하지 않습니다.
\\Mac\Home\Desktop\jeonbyeongmin\University\2020\2020_Fall_Semester\OOP\Homework\Termproject\201702068_OOP_TermProject\201702068_OOP_TermProject\main.cpp(329,31): warning C4018: '>': signed 또는 unsigned가 일치하지 않습니다.
\\Mac\Home\Desktop\jeonbyeongmin\University\2020\2020_Fall_Semester\OOP\Homework\Termproject\201702068_OOP_TermProject\201702068_OOP_TermProject\main.cpp(361,27): warning C4018: '<': signed 또는 unsigned가 일치하지 않습니다.
\\Mac\Home\Desktop\jeonbyeongmin\University\2020\2020_Fall_Semester\OOP\Homework\Termproject\201702068_OOP_TermProject\201702068_OOP_TermProject\main.cpp(364,31): warning C4018: '<': signed 또는 unsigned가 일치하지 않습니다.
\\Mac\Home\Desktop\jeonbyeongmin\University\2020\2020_Fall_Semester\OOP\Homework\Termproject\201702068_OOP_TermProject\201702068_OOP_TermProject\main.cpp(388,23): warning C4018: '>': signed 또는 unsigned가 일치하지 않습니다.
\\Mac\Home\Desktop\jeonbyeongmin\University\2020\2020_Fall_Semester\OOP\Homework\Termproject\201702068_OOP_TermProject\201702068_OOP_TermProject\main.cpp(420,31): warning C4018: '<': signed 또는 unsigned가 일치하지 않습니다.
\\Mac\Home\Desktop\jeonbyeongmin\University\2020\2020_Fall_Semester\OOP\Homework\Termproject\201702068_OOP_TermProject\201702068_OOP_TermProject\main.cpp(439,27): warning C4018: '>': signed 또는 unsigned가 일치하지 않습니다.
\\Mac\Home\Desktop\jeonbyeongmin\University\2020\2020_Fall_Semester\OOP\Homework\Termproject\201702068_OOP_TermProject\201702068_OOP_TermProject\main.cpp(461,24): warning C4018: '>': signed 또는 unsigned가 일치하지 않습니다.
\\Mac\Home\Desktop\jeonbyeongmin\University\2020\2020_Fall_Semester\OOP\Homework\Termproject\201702068_OOP_TermProject\201702068_OOP_TermProject\main.cpp(520,27): warning C4018: '<': signed 또는 unsigned가 일치하지 않습니다.
  201702068_OOP_TermProject.vcxproj -> \\Mac\Home\Desktop\jeonbyeongmin\University\2020\2020_Fall_Semester\OOP\Homework\Termproject\201702068_OOP_TermProject\Debug\201702068_OOP_TermProject.exe
